#
# A fatal error has been detected by the Java Runtime Environment:
#
#  EXCEPTION_ACCESS_VIOLATION (0xc0000005) at pc=0x0000000070950ae0, pid=12040, tid=0x00000000000015e4
#
# JRE version: Java(TM) SE Runtime Environment (8.0_251-b08) (build 1.8.0_251-b08)
# Java VM: Java HotSpot(TM) 64-Bit Server VM (25.251-b08 mixed mode windows-amd64 compressed oops)
# Problematic frame:
# V  [jvm.dll+0xb0ae0]
#
# Failed to write core dump. Minidumps are not enabled by default on client versions of Windows
#
# If you would like to submit a bug report, please visit:
#   http://bugreport.java.com/bugreport/crash.jsp
#

---------------  T H R E A D  ---------------

Current thread (0x00000000035b1000):  GCTaskThread [stack: 0x0000000014870000,0x0000000014970000] [id=5604]

siginfo: ExceptionCode=0xc0000005, reading address 0x00000004e31123c8

Registers:
RAX=0x0000000000000001, RBX=0x00000007278db198, RCX=0x00000007278db198, RDX=0x00000004e31123c0
RSP=0x000000001496fa38, RBP=0x0000000012bc3301, RSI=0x0000000028140440, RDI=0x00000005c125ac38
R8 =0x0000000028140440, R9 =0x00000007c0000208, R10=0x0000000000000008, R11=0x0000000728560010
R12=0x0000000012bc32d2, R13=0x000000009c070009, R14=0x0000000000000000, R15=0x00000000035a9230
RIP=0x0000000070950ae0, EFLAGS=0x0000000000010206

Top of Stack: (sp=0x000000001496fa38)
0x000000001496fa38:   0000000070ca8bf2 0000000000000011
0x000000001496fa48:   0000000000000003 0000000028140440
0x000000001496fa58:   000000072806045c 0000000728558020
0x000000001496fa68:   0000000000001000 0000000028140440
0x000000001496fa78:   00000000709b3e73 0000000000000000
0x000000001496fa88:   0000000028140400 0000000012bc32d2
0x000000001496fa98:   0000000070ca8f60 000000072855fa14
0x000000001496faa8:   0000000012bc3301 0000000028140440
0x000000001496fab8:   00000005c125ac38 000000072855fa14
0x000000001496fac8:   0000000070ca9b05 000000072776d420
0x000000001496fad8:   0000000012bc2901 0000000028140440
0x000000001496fae8:   0000000000000005 0000000028140440
0x000000001496faf8:   00007ffeac7b8b03 00000005c125a8a4
0x000000001496fb08:   00000000709b5797 00000005c125a8ad
0x000000001496fb18:   00000005c125a8ad 00000005c125a531
0x000000001496fb28:   00000005c125a531 00000005c125aad0 

Instructions: (pc=0x0000000070950ae0)
0x0000000070950ac0:   cc e0 1d 00 48 8b 9c 24 d0 00 00 00 48 81 c4 c0
0x0000000070950ad0:   00 00 00 5d c3 cc cc cc cc cc cc cc cc cc cc cc
0x0000000070950ae0:   44 8b 42 08 4c 8b ca 45 85 c0 7e 0e 41 f6 c0 01
0x0000000070950af0:   75 57 41 c1 f8 03 41 8b c0 c3 79 4d 80 3d ae b0 


Register to memory mapping:

RAX=0x0000000000000001 is an unknown value
RBX=0x00000007278db198 is an oop

[error occurred during error reporting (printing register info), id 0xc0000005]

Stack: [0x0000000014870000,0x0000000014970000],  sp=0x000000001496fa38,  free space=1022k
Native frames: (J=compiled Java code, j=interpreted, Vv=VM code, C=native code)
V  [jvm.dll+0xb0ae0]


---------------  P R O C E S S  ---------------

Java Threads: ( => current thread )
  0x000000002ba82000 JavaThread "Keep-Alive-Timer" daemon [_thread_blocked, id=12444, stack(0x00000000013c0000,0x00000000014c0000)]
  0x000000002ba85000 JavaThread "com.alibaba.nacos.client.naming.updater" daemon [_thread_blocked, id=6808, stack(0x0000000031c90000,0x0000000031d90000)]
  0x000000002ba85800 JavaThread "com.alibaba.nacos.client.naming.updater" daemon [_thread_blocked, id=8892, stack(0x0000000031b90000,0x0000000031c90000)]
  0x000000002ba84000 JavaThread "com.alibaba.nacos.client.naming.updater" daemon [_thread_blocked, id=15516, stack(0x0000000031890000,0x0000000031990000)]
  0x0000000029bc1800 JavaThread "com.alibaba.nacos.client.naming.updater" daemon [_thread_blocked, id=14464, stack(0x0000000031790000,0x0000000031890000)]
  0x0000000029bc7000 JavaThread "com.alibaba.nacos.client.naming.updater" daemon [_thread_blocked, id=14984, stack(0x0000000031690000,0x0000000031790000)]
  0x0000000029bc6000 JavaThread "PollingServerListUpdater-1" daemon [_thread_blocked, id=10228, stack(0x0000000031590000,0x0000000031690000)]
  0x0000000029bc5800 JavaThread "DataPublisher" daemon [_thread_blocked, id=14756, stack(0x000000002e1c0000,0x000000002e2c0000)]
  0x0000000029bc3000 JavaThread "com.alibaba.nacos.client.naming.updater" daemon [_thread_blocked, id=10168, stack(0x000000002dfc0000,0x000000002e0c0000)]
  0x0000000029bc7800 JavaThread "PollingServerListUpdater-0" daemon [_thread_blocked, id=4636, stack(0x000000002ddc0000,0x000000002dec0000)]
  0x0000000029bc4800 JavaThread "RibbonApacheHttpClientConfiguration.connectionManagerTimer" daemon [_thread_blocked, id=11724, stack(0x000000002d5c0000,0x000000002d6c0000)]
  0x0000000029bc4000 JavaThread "logback-8" daemon [_thread_blocked, id=14160, stack(0x000000002d7c0000,0x000000002d8c0000)]
  0x0000000029bbb800 JavaThread "logback-7" daemon [_thread_blocked, id=13992, stack(0x000000002a9f0000,0x000000002aaf0000)]
  0x0000000029bc1000 JavaThread "logback-6" daemon [_thread_blocked, id=13712, stack(0x000000002d6c0000,0x000000002d7c0000)]
  0x0000000029bbf800 JavaThread "logback-5" daemon [_thread_blocked, id=9864, stack(0x000000002c2c0000,0x000000002c3c0000)]
  0x0000000029bc2800 JavaThread "logback-4" daemon [_thread_blocked, id=11712, stack(0x00000000015c0000,0x00000000016c0000)]
  0x0000000029bba000 JavaThread "logback-3" daemon [_thread_blocked, id=11536, stack(0x00000000014c0000,0x00000000015c0000)]
  0x0000000029bbc800 JavaThread "logback-2" daemon [_thread_blocked, id=1004, stack(0x000000002d8c0000,0x000000002d9c0000)]
  0x0000000029bc0000 JavaThread "com.alibaba.nacos.naming.beat.sender" daemon [_thread_blocked, id=1528, stack(0x0000000031290000,0x0000000031390000)]
  0x0000000029bb9800 JavaThread "com.alibaba.nacos.naming.beat.sender" daemon [_thread_blocked, id=2756, stack(0x000000002d9c0000,0x000000002dac0000)]
  0x0000000029bbe000 JavaThread "com.alibaba.nacos.naming.beat.sender" daemon [_thread_blocked, id=12048, stack(0x000000002e0c0000,0x000000002e1c0000)]
  0x0000000029bbe800 JavaThread "com.alibaba.nacos.naming.beat.sender" daemon [_thread_blocked, id=13228, stack(0x000000002dec0000,0x000000002dfc0000)]
  0x0000000029bbb000 JavaThread "com.alibaba.nacos.naming.beat.sender" daemon [_thread_blocked, id=6992, stack(0x000000002bec0000,0x000000002bfc0000)]
  0x0000000029bbd000 JavaThread "DestroyJavaVM" [_thread_blocked, id=10084, stack(0x0000000003490000,0x0000000003590000)]
  0x0000000029d4b000 JavaThread "Timer-0" daemon [_thread_blocked, id=5160, stack(0x000000002fcc0000,0x000000002fdc0000)]
  0x0000000029d4a800 JavaThread "com.alibaba.nacos.naming.beat.sender" daemon [_thread_blocked, id=1208, stack(0x000000002fbc0000,0x000000002fcc0000)]
  0x0000000029d51800 JavaThread "http-nio-8000-Acceptor" daemon [_thread_in_native, id=11252, stack(0x000000002f8c0000,0x000000002f9c0000)]
  0x0000000029d50800 JavaThread "http-nio-8000-ClientPoller" daemon [_thread_in_native, id=9680, stack(0x000000002f7c0000,0x000000002f8c0000)]
  0x0000000029d4d800 JavaThread "http-nio-8000-exec-10" daemon [_thread_blocked, id=5584, stack(0x000000002f6c0000,0x000000002f7c0000)]
  0x0000000029d4c000 JavaThread "http-nio-8000-exec-9" daemon [_thread_blocked, id=6932, stack(0x000000002f5c0000,0x000000002f6c0000)]
  0x0000000029d4e800 JavaThread "http-nio-8000-exec-8" daemon [_thread_blocked, id=13040, stack(0x000000002f4c0000,0x000000002f5c0000)]
  0x0000000029d4f000 JavaThread "http-nio-8000-exec-7" daemon [_thread_blocked, id=11104, stack(0x000000002f3c0000,0x000000002f4c0000)]
  0x0000000029d50000 JavaThread "http-nio-8000-exec-6" daemon [_thread_blocked, id=10112, stack(0x000000002f2c0000,0x000000002f3c0000)]
  0x0000000029d4c800 JavaThread "http-nio-8000-exec-5" daemon [_thread_blocked, id=10308, stack(0x000000002f1c0000,0x000000002f2c0000)]
  0x0000000029d43000 JavaThread "http-nio-8000-exec-4" daemon [_thread_blocked, id=7960, stack(0x000000002f0c0000,0x000000002f1c0000)]
  0x0000000029d45000 JavaThread "http-nio-8000-exec-3" daemon [_thread_blocked, id=7888, stack(0x000000002efc0000,0x000000002f0c0000)]
  0x0000000029d49800 JavaThread "http-nio-8000-exec-2" daemon [_thread_blocked, id=1888, stack(0x000000002eec0000,0x000000002efc0000)]
  0x0000000029d43800 JavaThread "http-nio-8000-exec-1" daemon [_thread_blocked, id=11012, stack(0x000000002edc0000,0x000000002eec0000)]
  0x0000000029d46800 JavaThread "http-nio-8000-BlockPoller" daemon [_thread_in_native, id=7908, stack(0x000000002ecc0000,0x000000002edc0000)]
  0x0000000029d42000 JavaThread "Nacso-Watch-Task-Scheduler-1" [_thread_blocked, id=12800, stack(0x000000002dcc0000,0x000000002ddc0000)]
  0x0000000029d49000 JavaThread "mysql-cj-abandoned-connection-cleanup" daemon [_thread_blocked, id=7404, stack(0x000000002ebc0000,0x000000002ecc0000)]
  0x0000000029d44800 JavaThread "com.alibaba.nacos.naming.push.receiver" daemon [_thread_in_native, id=13020, stack(0x000000002eac0000,0x000000002ebc0000)]
  0x0000000029d46000 JavaThread "com.alibaba.nacos.naming.failover" daemon [_thread_blocked, id=5828, stack(0x000000002e9c0000,0x000000002eac0000)]
  0x0000000029d47800 JavaThread "com.alibaba.nacos.naming.client.listener" daemon [_thread_blocked, id=12024, stack(0x000000002e6c0000,0x000000002e7c0000)]
  0x0000000029d48000 JavaThread "logback-1" daemon [_thread_blocked, id=6056, stack(0x000000002e5c0000,0x000000002e6c0000)]
  0x000000002ba88800 JavaThread "spring.cloud.inetutils" daemon [_thread_blocked, id=9860, stack(0x000000002e4c0000,0x000000002e5c0000)]
  0x000000002b8f5000 JavaThread "container-0" [_thread_blocked, id=988, stack(0x000000002d2c0000,0x000000002d3c0000)]
  0x000000002b8f2000 JavaThread "Catalina-utility-2" [_thread_blocked, id=8936, stack(0x000000002d1c0000,0x000000002d2c0000)]
  0x000000002b906800 JavaThread "Catalina-utility-1" [_thread_blocked, id=12240, stack(0x000000002d0c0000,0x000000002d1c0000)]
  0x000000002b02f000 JavaThread "RMI Scheduler(0)" daemon [_thread_blocked, id=9836, stack(0x000000002c1c0000,0x000000002c2c0000)]
  0x0000000029c4e000 JavaThread "RMI TCP Accept-0" daemon [_thread_in_native, id=9488, stack(0x000000002a540000,0x000000002a640000)]
  0x00000000299a4800 JavaThread "Service Thread" daemon [_thread_blocked, id=4408, stack(0x000000002a420000,0x000000002a520000)]
  0x000000002995f800 JavaThread "C1 CompilerThread3" daemon [_thread_blocked, id=11048, stack(0x000000002a320000,0x000000002a420000)]
  0x000000002995f000 JavaThread "C2 CompilerThread2" daemon [_thread_blocked, id=11388, stack(0x000000002a220000,0x000000002a320000)]
  0x000000002995e000 JavaThread "C2 CompilerThread1" daemon [_thread_blocked, id=11340, stack(0x000000002a120000,0x000000002a220000)]
  0x0000000029937000 JavaThread "C2 CompilerThread0" daemon [_thread_blocked, id=11804, stack(0x000000002a020000,0x000000002a120000)]
  0x0000000029936800 JavaThread "Monitor Ctrl-Break" daemon [_thread_in_native, id=12108, stack(0x0000000029f20000,0x000000002a020000)]
  0x00000000281d8800 JavaThread "Attach Listener" daemon [_thread_blocked, id=13004, stack(0x0000000029620000,0x0000000029720000)]
  0x0000000028183000 JavaThread "Signal Dispatcher" daemon [_thread_blocked, id=12956, stack(0x0000000029520000,0x0000000029620000)]
  0x0000000026aa5000 JavaThread "Finalizer" daemon [_thread_blocked, id=9528, stack(0x00000000293c0000,0x00000000294c0000)]
  0x0000000028163000 JavaThread "Reference Handler" daemon [_thread_blocked, id=6132, stack(0x00000000292c0000,0x00000000293c0000)]

Other Threads:
  0x0000000026a95800 VMThread [stack: 0x00000000291c0000,0x00000000292c0000] [id=13096]
  0x0000000029c57000 WatcherThread [stack: 0x000000002a640000,0x000000002a740000] [id=12792]

=>0x00000000035b1000 (exited) GCTaskThread [stack: 0x0000000014870000,0x0000000014970000] [id=5604]

VM state:at safepoint (normal execution)

VM Mutex/Monitor currently owned by a thread:  ([mutex/lock_event])
[0x00000000035907d0] Threads_lock - owner thread: 0x0000000026a95800
[0x0000000003591560] Heap_lock - owner thread: 0x000000002ba82000

heap address: 0x00000005c0c00000, size: 8180 MB, Compressed Oops mode: Zero based, Oop shift amount: 3
Narrow klass base: 0x0000000000000000, Narrow klass shift: 3
Compressed class space size: 1073741824 Address: 0x00000007c0000000

Heap:
 PSYoungGen      total 285696K, used 285683K [0x0000000715980000, 0x0000000728880000, 0x00000007c0000000)
  eden space 272896K, 100% used [0x0000000715980000,0x0000000726400000,0x0000000726400000)
  from space 12800K, 99% used [0x0000000727680000,0x00000007282fcc98,0x0000000728300000)
  to   space 5632K, 99% used [0x0000000728300000,0x00000007288780c0,0x0000000728880000)
 ParOldGen       total 307200K, used 22566K [0x00000005c0c00000, 0x00000005d3800000, 0x0000000715980000)
  object space 307200K, 7% used [0x00000005c0c00000,0x00000005c2209a20,0x00000005d3800000)
 Metaspace       used 48034K, capacity 50597K, committed 50688K, reserved 1093632K
  class space    used 6413K, capacity 6880K, committed 6912K, reserved 1048576K

Card table byte_map: [0x0000000012bc0000,0x0000000013bc0000] byte_map_base: 0x000000000fdba000

Marking Bits: (ParMarkBitMap*) 0x00000000710caf90
 Begin Bits: [0x0000000015070000, 0x000000001d040000)
 End Bits:   [0x000000001d040000, 0x0000000025010000)

Polling page: 0x00000000011e0000

CodeCache: size=245760Kb used=12232Kb max_used=12232Kb free=233527Kb
 bounds [0x0000000003800000, 0x0000000004400000, 0x0000000012800000]
 total_blobs=6603 nmethods=6067 adapters=448
 compilation: enabled

Compilation events (10 events):
Event: 2853.881 Thread 0x000000002995f800 6189   !   1       sun.net.www.http.HttpClient::parseHTTP (200 bytes)
Event: 2853.881 Thread 0x000000002995f800 nmethod 6189 0x00000000043f2850 code [0x00000000043f2a80, 0x00000000043f3318]
Event: 2853.881 Thread 0x000000002995f800 6191       1       sun.net.www.protocol.http.HttpURLConnection$HttpInputStream::<init> (36 bytes)
Event: 2853.881 Thread 0x000000002995f800 nmethod 6191 0x00000000043f3ad0 code [0x00000000043f3c20, 0x00000000043f3d90]
Event: 2853.882 Thread 0x000000002995f800 6192   !   1       sun.net.www.protocol.http.HttpURLConnection::getHeaderField (44 bytes)
Event: 2853.882 Thread 0x000000002995f800 nmethod 6192 0x00000000043f3e10 code [0x00000000043f3fa0, 0x00000000043f41c8]
Event: 3187.534 Thread 0x000000002995f800 6193       1       org.springframework.context.event.SimpleApplicationEventMulticaster::multicastEvent (90 bytes)
Event: 3187.535 Thread 0x000000002995f800 nmethod 6193 0x00000000043f4350 code [0x00000000043f4520, 0x00000000043f4838]
Event: 3187.535 Thread 0x000000002995f800 6194       1       org.springframework.context.event.SimpleApplicationEventMulticaster::resolveDefaultEventType (5 bytes)
Event: 3187.535 Thread 0x000000002995f800 nmethod 6194 0x00000000043f4ad0 code [0x00000000043f4c20, 0x00000000043f4d48]

GC Heap History (10 events):
Event: 4.270 GC heap after
Heap after GC invocations=5 (full 1):
 PSYoungGen      total 199680K, used 11907K [0x0000000715980000, 0x0000000723e00000, 0x00000007c0000000)
  eden space 178176K, 0% used [0x0000000715980000,0x0000000715980000,0x0000000720780000)
  from space 21504K, 55% used [0x0000000721c80000,0x0000000722820cb0,0x0000000723180000)
  to   space 21504K, 0% used [0x0000000720780000,0x0000000720780000,0x0000000721c80000)
 ParOldGen       total 220672K, used 9750K [0x00000005c0c00000, 0x00000005ce380000, 0x0000000715980000)
  object space 220672K, 4% used [0x00000005c0c00000,0x00000005c1585870,0x00000005ce380000)
 Metaspace       used 30381K, capacity 31985K, committed 32256K, reserved 1077248K
  class space    used 4182K, capacity 4507K, committed 4608K, reserved 1048576K
}
Event: 4.364 GC heap before
{Heap before GC invocations=6 (full 1):
 PSYoungGen      total 199680K, used 39974K [0x0000000715980000, 0x0000000723e00000, 0x00000007c0000000)
  eden space 178176K, 15% used [0x0000000715980000,0x00000007174e8d98,0x0000000720780000)
  from space 21504K, 55% used [0x0000000721c80000,0x0000000722820cb0,0x0000000723180000)
  to   space 21504K, 0% used [0x0000000720780000,0x0000000720780000,0x0000000721c80000)
 ParOldGen       total 220672K, used 9750K [0x00000005c0c00000, 0x00000005ce380000, 0x0000000715980000)
  object space 220672K, 4% used [0x00000005c0c00000,0x00000005c1585870,0x00000005ce380000)
 Metaspace       used 33682K, capacity 35405K, committed 35456K, reserved 1079296K
  class space    used 4616K, capacity 4947K, committed 4992K, reserved 1048576K
Event: 4.368 GC heap after
Heap after GC invocations=6 (full 1):
 PSYoungGen      total 199680K, used 8866K [0x0000000715980000, 0x0000000729400000, 0x00000007c0000000)
  eden space 178176K, 0% used [0x0000000715980000,0x0000000715980000,0x0000000720780000)
  from space 21504K, 41% used [0x0000000720780000,0x0000000721028888,0x0000000721c80000)
  to   space 12288K, 0% used [0x0000000728800000,0x0000000728800000,0x0000000729400000)
 ParOldGen       total 220672K, used 9822K [0x00000005c0c00000, 0x00000005ce380000, 0x0000000715980000)
  object space 220672K, 4% used [0x00000005c0c00000,0x00000005c1597880,0x00000005ce380000)
 Metaspace       used 33682K, capacity 35405K, committed 35456K, reserved 1079296K
  class space    used 4616K, capacity 4947K, committed 4992K, reserved 1048576K
}
Event: 4.368 GC heap before
{Heap before GC invocations=7 (full 2):
 PSYoungGen      total 199680K, used 8866K [0x0000000715980000, 0x0000000729400000, 0x00000007c0000000)
  eden space 178176K, 0% used [0x0000000715980000,0x0000000715980000,0x0000000720780000)
  from space 21504K, 41% used [0x0000000720780000,0x0000000721028888,0x0000000721c80000)
  to   space 12288K, 0% used [0x0000000728800000,0x0000000728800000,0x0000000729400000)
 ParOldGen       total 220672K, used 9822K [0x00000005c0c00000, 0x00000005ce380000, 0x0000000715980000)
  object space 220672K, 4% used [0x00000005c0c00000,0x00000005c1597880,0x00000005ce380000)
 Metaspace       used 33682K, capacity 35405K, committed 35456K, reserved 1079296K
  class space    used 4616K, capacity 4947K, committed 4992K, reserved 1048576K
Event: 4.394 GC heap after
Heap after GC invocations=7 (full 2):
 PSYoungGen      total 199680K, used 0K [0x0000000715980000, 0x0000000729400000, 0x00000007c0000000)
  eden space 178176K, 0% used [0x0000000715980000,0x0000000715980000,0x0000000720780000)
  from space 21504K, 0% used [0x0000000720780000,0x0000000720780000,0x0000000721c80000)
  to   space 12288K, 0% used [0x0000000728800000,0x0000000728800000,0x0000000729400000)
 ParOldGen       total 307200K, used 14266K [0x00000005c0c00000, 0x00000005d3800000, 0x0000000715980000)
  object space 307200K, 4% used [0x00000005c0c00000,0x00000005c19eeaa8,0x00000005d3800000)
 Metaspace       used 33682K, capacity 35405K, committed 35456K, reserved 1079296K
  class space    used 4616K, capacity 4947K, committed 4992K, reserved 1048576K
}
Event: 5.027 GC heap before
{Heap before GC invocations=8 (full 2):
 PSYoungGen      total 199680K, used 178176K [0x0000000715980000, 0x0000000729400000, 0x00000007c0000000)
  eden space 178176K, 100% used [0x0000000715980000,0x0000000720780000,0x0000000720780000)
  from space 21504K, 0% used [0x0000000720780000,0x0000000720780000,0x0000000721c80000)
  to   space 12288K, 0% used [0x0000000728800000,0x0000000728800000,0x0000000729400000)
 ParOldGen       total 307200K, used 14266K [0x00000005c0c00000, 0x00000005d3800000, 0x0000000715980000)
  object space 307200K, 4% used [0x00000005c0c00000,0x00000005c19eeaa8,0x00000005d3800000)
 Metaspace       used 37068K, capacity 39189K, committed 39296K, reserved 1083392K
  class space    used 5020K, capacity 5425K, committed 5504K, reserved 1048576K
Event: 5.031 GC heap after
Heap after GC invocations=8 (full 2):
 PSYoungGen      total 287232K, used 7406K [0x0000000715980000, 0x0000000728f80000, 0x00000007c0000000)
  eden space 279552K, 0% used [0x0000000715980000,0x0000000715980000,0x0000000726a80000)
  from space 7680K, 96% used [0x0000000728800000,0x0000000728f3b8e8,0x0000000728f80000)
  to   space 12800K, 0% used [0x0000000727680000,0x0000000727680000,0x0000000728300000)
 ParOldGen       total 307200K, used 14274K [0x00000005c0c00000, 0x00000005d3800000, 0x0000000715980000)
  object space 307200K, 4% used [0x00000005c0c00000,0x00000005c19f0aa8,0x00000005d3800000)
 Metaspace       used 37068K, capacity 39189K, committed 39296K, reserved 1083392K
  class space    used 5020K, capacity 5425K, committed 5504K, reserved 1048576K
}
Event: 899.997 GC heap before
{Heap before GC invocations=9 (full 2):
 PSYoungGen      total 287232K, used 286958K [0x0000000715980000, 0x0000000728f80000, 0x00000007c0000000)
  eden space 279552K, 100% used [0x0000000715980000,0x0000000726a80000,0x0000000726a80000)
  from space 7680K, 96% used [0x0000000728800000,0x0000000728f3b8e8,0x0000000728f80000)
  to   space 12800K, 0% used [0x0000000727680000,0x0000000727680000,0x0000000728300000)
 ParOldGen       total 307200K, used 14274K [0x00000005c0c00000, 0x00000005d3800000, 0x0000000715980000)
  object space 307200K, 4% used [0x00000005c0c00000,0x00000005c19f0aa8,0x00000005d3800000)
 Metaspace       used 45728K, capacity 48255K, committed 48384K, reserved 1091584K
  class space    used 6116K, capacity 6566K, committed 6656K, reserved 1048576K
Event: 900.008 GC heap after
Heap after GC invocations=9 (full 2):
 PSYoungGen      total 285696K, used 12787K [0x0000000715980000, 0x0000000728880000, 0x00000007c0000000)
  eden space 272896K, 0% used [0x0000000715980000,0x0000000715980000,0x0000000726400000)
  from space 12800K, 99% used [0x0000000727680000,0x00000007282fcc98,0x0000000728300000)
  to   space 5632K, 0% used [0x0000000728300000,0x0000000728300000,0x0000000728880000)
 ParOldGen       total 307200K, used 17562K [0x00000005c0c00000, 0x00000005d3800000, 0x0000000715980000)
  object space 307200K, 5% used [0x00000005c0c00000,0x00000005c1d26998,0x00000005d3800000)
 Metaspace       used 45728K, capacity 48255K, committed 48384K, reserved 1091584K
  class space    used 6116K, capacity 6566K, committed 6656K, reserved 1048576K
}
Event: 3224.059 GC heap before
{Heap before GC invocations=10 (full 2):
 PSYoungGen      total 285696K, used 285683K [0x0000000715980000, 0x0000000728880000, 0x00000007c0000000)
  eden space 272896K, 100% used [0x0000000715980000,0x0000000726400000,0x0000000726400000)
  from space 12800K, 99% used [0x0000000727680000,0x00000007282fcc98,0x0000000728300000)
  to   space 5632K, 0% used [0x0000000728300000,0x0000000728300000,0x0000000728880000)
 ParOldGen       total 307200K, used 17562K [0x00000005c0c00000, 0x00000005d3800000, 0x0000000715980000)
  object space 307200K, 5% used [0x00000005c0c00000,0x00000005c1d26998,0x00000005d3800000)
 Metaspace       used 48034K, capacity 50597K, committed 50688K, reserved 1093632K
  class space    used 6413K, capacity 6880K, committed 6912K, reserved 1048576K

Deoptimization events (0 events):
No events

Classes redefined (0 events):
No events

Internal exceptions (10 events):
Event: 3177.690 Thread 0x0000000029d4b000 Exception <a 'java/io/FileNotFoundException'> (0x0000000725e6cb20) thrown at [C:\jenkins\workspace\8-2-build-windows-amd64-cygwin\jdk8u251\737\hotspot\src\share\vm\prims\jni.cpp, line 710]
Event: 3177.690 Thread 0x0000000029d4b000 Exception <a 'java/io/FileNotFoundException'> (0x0000000725e6d0f8) thrown at [C:\jenkins\workspace\8-2-build-windows-amd64-cygwin\jdk8u251\737\hotspot\src\share\vm\prims\jni.cpp, line 710]
Event: 3187.690 Thread 0x0000000029d4b000 Exception <a 'java/io/FileNotFoundException'> (0x0000000725e73180) thrown at [C:\jenkins\workspace\8-2-build-windows-amd64-cygwin\jdk8u251\737\hotspot\src\share\vm\prims\jni.cpp, line 710]
Event: 3187.690 Thread 0x0000000029d4b000 Exception <a 'java/io/FileNotFoundException'> (0x0000000725e73758) thrown at [C:\jenkins\workspace\8-2-build-windows-amd64-cygwin\jdk8u251\737\hotspot\src\share\vm\prims\jni.cpp, line 710]
Event: 3197.690 Thread 0x0000000029d4b000 Exception <a 'java/io/FileNotFoundException'> (0x0000000725e797e0) thrown at [C:\jenkins\workspace\8-2-build-windows-amd64-cygwin\jdk8u251\737\hotspot\src\share\vm\prims\jni.cpp, line 710]
Event: 3197.690 Thread 0x0000000029d4b000 Exception <a 'java/io/FileNotFoundException'> (0x0000000725e79db8) thrown at [C:\jenkins\workspace\8-2-build-windows-amd64-cygwin\jdk8u251\737\hotspot\src\share\vm\prims\jni.cpp, line 710]
Event: 3207.690 Thread 0x0000000029d4b000 Exception <a 'java/io/FileNotFoundException'> (0x0000000725e7fe40) thrown at [C:\jenkins\workspace\8-2-build-windows-amd64-cygwin\jdk8u251\737\hotspot\src\share\vm\prims\jni.cpp, line 710]
Event: 3207.690 Thread 0x0000000029d4b000 Exception <a 'java/io/FileNotFoundException'> (0x0000000725e80418) thrown at [C:\jenkins\workspace\8-2-build-windows-amd64-cygwin\jdk8u251\737\hotspot\src\share\vm\prims\jni.cpp, line 710]
Event: 3217.690 Thread 0x0000000029d4b000 Exception <a 'java/io/FileNotFoundException'> (0x0000000725e864a0) thrown at [C:\jenkins\workspace\8-2-build-windows-amd64-cygwin\jdk8u251\737\hotspot\src\share\vm\prims\jni.cpp, line 710]
Event: 3217.690 Thread 0x0000000029d4b000 Exception <a 'java/io/FileNotFoundException'> (0x0000000725e86a78) thrown at [C:\jenkins\workspace\8-2-build-windows-amd64-cygwin\jdk8u251\737\hotspot\src\share\vm\prims\jni.cpp, line 710]

Events (10 events):
Event: 3214.056 Thread 0x000000002ba83800 Thread added: 0x000000002ba83800
Event: 3219.056 Executing VM operation: RevokeBias
Event: 3219.056 Executing VM operation: RevokeBias done
Event: 3219.056 Executing VM operation: BulkRevokeBias
Event: 3219.056 Executing VM operation: BulkRevokeBias done
Event: 3219.056 Thread 0x000000002ba83800 Thread exited: 0x000000002ba83800
Event: 3219.059 Thread 0x000000002ba82000 Thread added: 0x000000002ba82000
Event: 3221.661 Executing VM operation: RevokeBias
Event: 3221.661 Executing VM operation: RevokeBias done
Event: 3224.059 Executing VM operation: ParallelGCFailedAllocation


Dynamic libraries:
0x00007ff7d0d20000 - 0x00007ff7d0d57000 	C:\Program Files\Java\jdk1.8.0_251\bin\java.exe
0x00007ffeaf100000 - 0x00007ffeaf2f0000 	C:\WINDOWS\SYSTEM32\ntdll.dll
0x00007ffeadce0000 - 0x00007ffeadd92000 	C:\WINDOWS\System32\KERNEL32.DLL
0x00007ffeac780000 - 0x00007ffeaca24000 	C:\WINDOWS\System32\KERNELBASE.dll
0x00007ffeaee40000 - 0x00007ffeaeee3000 	C:\WINDOWS\System32\ADVAPI32.dll
0x00007ffeae640000 - 0x00007ffeae6de000 	C:\WINDOWS\System32\msvcrt.dll
0x00007ffeadbd0000 - 0x00007ffeadc67000 	C:\WINDOWS\System32\sechost.dll
0x00007ffeade50000 - 0x00007ffeadf70000 	C:\WINDOWS\System32\RPCRT4.dll
0x00007ffead330000 - 0x00007ffead4c4000 	C:\WINDOWS\System32\USER32.dll
0x00007ffeac650000 - 0x00007ffeac671000 	C:\WINDOWS\System32\win32u.dll
0x00007ffead1b0000 - 0x00007ffead1d6000 	C:\WINDOWS\System32\GDI32.dll
0x00007ffeac3c0000 - 0x00007ffeac555000 	C:\WINDOWS\System32\gdi32full.dll
0x00007ffeac5b0000 - 0x00007ffeac64e000 	C:\WINDOWS\System32\msvcp_win.dll
0x00007ffeac260000 - 0x00007ffeac35a000 	C:\WINDOWS\System32\ucrtbase.dll
0x00007ffeaa4e0000 - 0x00007ffeaa764000 	C:\WINDOWS\WinSxS\amd64_microsoft.windows.common-controls_6595b64144ccf1df_6.0.18362.900_none_e6beb9d913147d17\COMCTL32.dll
0x00007ffeae0a0000 - 0x00007ffeae3d5000 	C:\WINDOWS\System32\combase.dll
0x00007ffeac090000 - 0x00007ffeac110000 	C:\WINDOWS\System32\bcryptPrimitives.dll
0x00007ffeae3e0000 - 0x00007ffeae40e000 	C:\WINDOWS\System32\IMM32.DLL
0x0000000071150000 - 0x0000000071222000 	C:\Program Files\Java\jdk1.8.0_251\jre\bin\msvcr100.dll
0x00000000708a0000 - 0x000000007114b000 	C:\Program Files\Java\jdk1.8.0_251\jre\bin\server\jvm.dll
0x00007ffeadbc0000 - 0x00007ffeadbc8000 	C:\WINDOWS\System32\PSAPI.DLL
0x00007ffea81a0000 - 0x00007ffea81a9000 	C:\WINDOWS\SYSTEM32\WSOCK32.dll
0x00007ffeadc70000 - 0x00007ffeadcdf000 	C:\WINDOWS\System32\WS2_32.dll
0x00007ffea9890000 - 0x00007ffea98b4000 	C:\WINDOWS\SYSTEM32\WINMM.dll
0x00007ffea94f0000 - 0x00007ffea951d000 	C:\WINDOWS\SYSTEM32\WINMMBASE.dll
0x00007ffeac560000 - 0x00007ffeac5aa000 	C:\WINDOWS\System32\cfgmgr32.dll
0x00007ffeabd60000 - 0x00007ffeabd6a000 	C:\WINDOWS\SYSTEM32\VERSION.dll
0x00007ffea8230000 - 0x00007ffea823f000 	C:\Program Files\Java\jdk1.8.0_251\jre\bin\verify.dll
0x00007ffe99b70000 - 0x00007ffe99b99000 	C:\Program Files\Java\jdk1.8.0_251\jre\bin\java.dll
0x00007ffe99c30000 - 0x00007ffe99c53000 	C:\Program Files\Java\jdk1.8.0_251\jre\bin\instrument.dll
0x00007ffe99b50000 - 0x00007ffe99b66000 	C:\Program Files\Java\jdk1.8.0_251\jre\bin\zip.dll
0x00007ffead4d0000 - 0x00007ffeadbb6000 	C:\WINDOWS\System32\SHELL32.dll
0x00007ffeadda0000 - 0x00007ffeade49000 	C:\WINDOWS\System32\shcore.dll
0x00007ffeaca30000 - 0x00007ffead1b0000 	C:\WINDOWS\System32\windows.storage.dll
0x00007ffeac060000 - 0x00007ffeac083000 	C:\WINDOWS\System32\profapi.dll
0x00007ffeac010000 - 0x00007ffeac05a000 	C:\WINDOWS\System32\powrprof.dll
0x00007ffeabfc0000 - 0x00007ffeabfd0000 	C:\WINDOWS\System32\UMPDC.dll
0x00007ffeae5e0000 - 0x00007ffeae632000 	C:\WINDOWS\System32\shlwapi.dll
0x00007ffeabfd0000 - 0x00007ffeabfe1000 	C:\WINDOWS\System32\kernel.appcore.dll
0x00007ffeac680000 - 0x00007ffeac697000 	C:\WINDOWS\System32\cryptsp.dll
0x00007ffea16d0000 - 0x00007ffea16ea000 	D:\WorkSpace\IntelliJ IDEA 2020.1.2\bin\breakgen64.dll
0x00007ffe99b30000 - 0x00007ffe99b4a000 	C:\Program Files\Java\jdk1.8.0_251\jre\bin\net.dll
0x00007ffeab300000 - 0x00007ffeab367000 	C:\WINDOWS\system32\mswsock.dll
0x00007ffeab060000 - 0x00007ffeab12b000 	C:\WINDOWS\SYSTEM32\DNSAPI.dll
0x00007ffeaeef0000 - 0x00007ffeaeef8000 	C:\WINDOWS\System32\NSI.dll
0x00007ffeab020000 - 0x00007ffeab05a000 	C:\WINDOWS\SYSTEM32\IPHLPAPI.DLL
0x00007ffea4680000 - 0x00007ffea468a000 	C:\Windows\System32\rasadhlp.dll
0x00007ffea54a0000 - 0x00007ffea5517000 	C:\WINDOWS\System32\fwpuclnt.dll
0x00007ffeac750000 - 0x00007ffeac776000 	C:\WINDOWS\System32\bcrypt.dll
0x00007ffe99c10000 - 0x00007ffe99c1d000 	C:\Program Files\Java\jdk1.8.0_251\jre\bin\management.dll
0x00007ffe96ed0000 - 0x00007ffe96ee2000 	C:\Program Files\Java\jdk1.8.0_251\jre\bin\nio.dll
0x00007ffeaae80000 - 0x00007ffeaaeb3000 	C:\WINDOWS\system32\rsaenh.dll
0x00007ffeabeb0000 - 0x00007ffeabed5000 	C:\WINDOWS\SYSTEM32\USERENV.dll
0x00007ffeab4d0000 - 0x00007ffeab4dc000 	C:\WINDOWS\SYSTEM32\CRYPTBASE.dll
0x00007ffea57c0000 - 0x00007ffea57d6000 	C:\WINDOWS\SYSTEM32\dhcpcsvc6.DLL
0x00007ffea5740000 - 0x00007ffea575c000 	C:\WINDOWS\SYSTEM32\dhcpcsvc.DLL
0x00007ffe9a040000 - 0x00007ffe9a056000 	C:\WINDOWS\system32\napinsp.dll
0x00007ffe9a020000 - 0x00007ffe9a03a000 	C:\WINDOWS\system32\pnrpnsp.dll
0x00007ffe9ab20000 - 0x00007ffe9ab35000 	C:\WINDOWS\system32\wshbth.dll
0x00007ffea8180000 - 0x00007ffea819c000 	C:\WINDOWS\system32\NLAapi.dll
0x00007ffe9a010000 - 0x00007ffe9a01e000 	C:\WINDOWS\System32\winrnr.dll
0x00007ffe96e20000 - 0x00007ffe96e44000 	C:\Program Files\Java\jdk1.8.0_251\jre\bin\sunec.dll
0x00007ffeaba70000 - 0x00007ffeabc64000 	C:\WINDOWS\SYSTEM32\dbghelp.dll

VM Arguments:
jvm_args: -XX:TieredStopAtLevel=1 -Xverify:none -Dspring.output.ansi.enabled=always -Dcom.sun.management.jmxremote -Dspring.jmx.enabled=true -Dspring.liveBeansView.mbeanDomain -Dspring.application.admin.enabled=true -javaagent:D:\WorkSpace\IntelliJ IDEA 2020.1.2\lib\idea_rt.jar=64118:D:\WorkSpace\IntelliJ IDEA 2020.1.2\bin -Dfile.encoding=UTF-8 
java_command: com.samphanie.jxmall.member.JxmallMemberApplication
java_class_path (initial): C:\Program Files\Java\jdk1.8.0_251\jre\lib\charsets.jar;C:\Program Files\Java\jdk1.8.0_251\jre\lib\deploy.jar;C:\Program Files\Java\jdk1.8.0_251\jre\lib\ext\access-bridge-64.jar;C:\Program Files\Java\jdk1.8.0_251\jre\lib\ext\cldrdata.jar;C:\Program Files\Java\jdk1.8.0_251\jre\lib\ext\dnsns.jar;C:\Program Files\Java\jdk1.8.0_251\jre\lib\ext\jaccess.jar;C:\Program Files\Java\jdk1.8.0_251\jre\lib\ext\jfxrt.jar;C:\Program Files\Java\jdk1.8.0_251\jre\lib\ext\localedata.jar;C:\Program Files\Java\jdk1.8.0_251\jre\lib\ext\nashorn.jar;C:\Program Files\Java\jdk1.8.0_251\jre\lib\ext\sunec.jar;C:\Program Files\Java\jdk1.8.0_251\jre\lib\ext\sunjce_provider.jar;C:\Program Files\Java\jdk1.8.0_251\jre\lib\ext\sunmscapi.jar;C:\Program Files\Java\jdk1.8.0_251\jre\lib\ext\sunpkcs11.jar;C:\Program Files\Java\jdk1.8.0_251\jre\lib\ext\zipfs.jar;C:\Program Files\Java\jdk1.8.0_251\jre\lib\javaws.jar;C:\Program Files\Java\jdk1.8.0_251\jre\lib\jce.jar;C:\Program Files\Java\jdk1.8.0_251\jre\lib\jfr.jar;C:\Program Files\Java\jdk1.8.0_251\jre\lib\jfxswt.jar;C:\Program Files\Java\jdk1.8.0_251\jre\lib\jsse.jar;C:\Program Files\Java\jdk1.8.0_251\jre\lib\management-agent.jar;C:\Program Files\Java\jdk1.8.0_251\jre\lib\plugin.jar;C:\Program Files\Java\jdk1.8.0_251\jre\lib\resources.jar;C:\Program Files\Java\jdk1.8.0_251\jre\lib\rt.jar;E:\WorkSpace\IdeaProducts\jxmall\jxmall-member\target\classes;E:\WorkSpace\IdeaProducts\jxmall\jxmall-common\target\classes;E:\WorkSpace\repository\org\springframework\cloud\spring-cloud-starter-openfeign\2.2.2.RELEASE\spring-cloud-starter-openfeign-2.2.2.RELEASE.jar;E:\WorkSpace\repository\org\springframework\cloud\spring-cloud-starter\2.2.2.RELEASE\spring-cloud-starter-2.2.2.RELEASE.jar;E:\WorkSpace\repository\org\springframework\security\spring-security-rsa\1.0.9.RELEASE\spring-security-rsa-1.0.9.RELEASE.jar;E:\WorkSpace\repository\org\bouncycastle\bcpkix-jdk15on\1.64\bcpkix-jdk15on-1.64.jar;E:\WorkSpace\repository\org\bouncycastle\bcprov
Launcher Type: SUN_STANDARD

Environment Variables:
PATH=C:\Program Files (x86)\Common Files\Oracle\Java\javapath;C:\WINDOWS\system32;C:\WINDOWS;C:\WINDOWS\System32\Wbem;C:\WINDOWS\System32\WindowsPowerShell\v1.0\;C:\WINDOWS\System32\OpenSSH\;D:\WorkSpace\Git\cmd;D:\WorkSpace\nvm;D:\WorkSpace\nodejs;C:\Users\Dries\AppData\Local\Microsoft\WindowsApps;D:\WorkSpace\IntelliJ IDEA 2020.1.2\bin;;D:\WorkSpace\WebStorm 2020.1.2\bin;;D:\WorkSpace\nvm;D:\WorkSpace\nodejs
USERNAME=Dries
OS=Windows_NT
PROCESSOR_IDENTIFIER=AMD64 Family 23 Model 113 Stepping 0, AuthenticAMD



---------------  S Y S T E M  ---------------

OS: Windows 10.0 , 64 bit Build 18362 (10.0.18362.900)

CPU:total 12 (initial active 12) (12 cores per cpu, 1 threads per core) family 23 model 113 stepping 0, cmov, cx8, fxsr, mmx, sse, sse2, sse3, ssse3, sse4.1, sse4.2, popcnt, avx, avx2, aes, clmul, mmxext, 3dnowpref, lzcnt, sse4a, tsc, tscinvbit, tscinv, bmi1

Memory: 4k page, physical 33504080k(19696904k free), swap 35601232k(14187684k free)

vm_info: Java HotSpot(TM) 64-Bit Server VM (25.251-b08) for windows-amd64 JRE (1.8.0_251-b08), built on Mar 12 2020 06:31:49 by "" with MS VC++ 10.0 (VS2010)

time: Sat Jul 04 00:07:27 2020
timezone: 中国标准时间
elapsed time: 3224 seconds (0d 0h 53m 44s)

